<?xml version="1.0" encoding="UTF-8"?>
<testsuite xmlns:xsi="http://www.w3.org/2001/XMLSchema-instance" xsi:noNamespaceSchemaLocation="https://maven.apache.org/surefire/maven-surefire-plugin/xsd/surefire-test-report.xsd" name="com.example.findbeauty.FindBeautyApplicationTests" time="2.425" tests="1" errors="0" skipped="0" failures="0">
  <properties>
    <property name="sun.desktop" value="windows"/>
    <property name="awt.toolkit" value="sun.awt.windows.WToolkit"/>
    <property name="file.encoding.pkg" value="sun.io"/>
    <property name="java.specification.version" value="1.8"/>
    <property name="sun.cpu.isalist" value="amd64"/>
    <property name="sun.jnu.encoding" value="MS950"/>
    <property name="java.class.path" value="D:\aHFdoc\project\practiceProject\find-beauty\target\test-classes;D:\aHFdoc\project\practiceProject\find-beauty\target\classes;D:\MavenLocalRespostiry\org\springframework\boot\spring-boot-starter-jdbc\2.0.4.RELEASE\spring-boot-starter-jdbc-2.0.4.RELEASE.jar;D:\MavenLocalRespostiry\org\springframework\boot\spring-boot-starter\2.0.4.RELEASE\spring-boot-starter-2.0.4.RELEASE.jar;D:\MavenLocalRespostiry\org\springframework\boot\spring-boot-starter-logging\2.0.4.RELEASE\spring-boot-starter-logging-2.0.4.RELEASE.jar;D:\MavenLocalRespostiry\ch\qos\logback\logback-classic\1.2.3\logback-classic-1.2.3.jar;D:\MavenLocalRespostiry\ch\qos\logback\logback-core\1.2.3\logback-core-1.2.3.jar;D:\MavenLocalRespostiry\org\apache\logging\log4j\log4j-to-slf4j\2.10.0\log4j-to-slf4j-2.10.0.jar;D:\MavenLocalRespostiry\org\apache\logging\log4j\log4j-api\2.10.0\log4j-api-2.10.0.jar;D:\MavenLocalRespostiry\org\slf4j\jul-to-slf4j\1.7.25\jul-to-slf4j-1.7.25.jar;D:\MavenLocalRespostiry\org\yaml\snakeyaml\1.19\snakeyaml-1.19.jar;D:\MavenLocalRespostiry\com\zaxxer\HikariCP\2.7.9\HikariCP-2.7.9.jar;D:\MavenLocalRespostiry\org\slf4j\slf4j-api\1.7.25\slf4j-api-1.7.25.jar;D:\MavenLocalRespostiry\org\springframework\spring-jdbc\5.0.8.RELEASE\spring-jdbc-5.0.8.RELEASE.jar;D:\MavenLocalRespostiry\org\springframework\spring-beans\5.0.8.RELEASE\spring-beans-5.0.8.RELEASE.jar;D:\MavenLocalRespostiry\org\springframework\spring-tx\5.0.8.RELEASE\spring-tx-5.0.8.RELEASE.jar;D:\MavenLocalRespostiry\org\springframework\boot\spring-boot-starter-web\2.0.4.RELEASE\spring-boot-starter-web-2.0.4.RELEASE.jar;D:\MavenLocalRespostiry\org\springframework\boot\spring-boot-starter-json\2.0.4.RELEASE\spring-boot-starter-json-2.0.4.RELEASE.jar;D:\MavenLocalRespostiry\com\fasterxml\jackson\core\jackson-databind\2.9.6\jackson-databind-2.9.6.jar;D:\MavenLocalRespostiry\com\fasterxml\jackson\core\jackson-annotations\2.9.0\jackson-annotations-2.9.0.jar;D:\MavenLocalRespostiry\com\fasterxml\jackson\core\jackson-core\2.9.6\jackson-core-2.9.6.jar;D:\MavenLocalRespostiry\com\fasterxml\jackson\datatype\jackson-datatype-jdk8\2.9.6\jackson-datatype-jdk8-2.9.6.jar;D:\MavenLocalRespostiry\com\fasterxml\jackson\datatype\jackson-datatype-jsr310\2.9.6\jackson-datatype-jsr310-2.9.6.jar;D:\MavenLocalRespostiry\com\fasterxml\jackson\module\jackson-module-parameter-names\2.9.6\jackson-module-parameter-names-2.9.6.jar;D:\MavenLocalRespostiry\org\hibernate\validator\hibernate-validator\6.0.11.Final\hibernate-validator-6.0.11.Final.jar;D:\MavenLocalRespostiry\javax\validation\validation-api\2.0.1.Final\validation-api-2.0.1.Final.jar;D:\MavenLocalRespostiry\org\jboss\logging\jboss-logging\3.3.2.Final\jboss-logging-3.3.2.Final.jar;D:\MavenLocalRespostiry\com\fasterxml\classmate\1.3.4\classmate-1.3.4.jar;D:\MavenLocalRespostiry\org\springframework\spring-web\5.0.8.RELEASE\spring-web-5.0.8.RELEASE.jar;D:\MavenLocalRespostiry\org\springframework\spring-webmvc\5.0.8.RELEASE\spring-webmvc-5.0.8.RELEASE.jar;D:\MavenLocalRespostiry\org\springframework\spring-aop\5.0.8.RELEASE\spring-aop-5.0.8.RELEASE.jar;D:\MavenLocalRespostiry\org\springframework\spring-context\5.0.8.RELEASE\spring-context-5.0.8.RELEASE.jar;D:\MavenLocalRespostiry\org\springframework\spring-expression\5.0.8.RELEASE\spring-expression-5.0.8.RELEASE.jar;D:\MavenLocalRespostiry\org\springframework\boot\spring-boot-starter-test\2.0.4.RELEASE\spring-boot-starter-test-2.0.4.RELEASE.jar;D:\MavenLocalRespostiry\org\springframework\boot\spring-boot-test\2.0.4.RELEASE\spring-boot-test-2.0.4.RELEASE.jar;D:\MavenLocalRespostiry\org\springframework\boot\spring-boot-test-autoconfigure\2.0.4.RELEASE\spring-boot-test-autoconfigure-2.0.4.RELEASE.jar;D:\MavenLocalRespostiry\com\jayway\jsonpath\json-path\2.4.0\json-path-2.4.0.jar;D:\MavenLocalRespostiry\net\minidev\json-smart\2.3\json-smart-2.3.jar;D:\MavenLocalRespostiry\net\minidev\accessors-smart\1.2\accessors-smart-1.2.jar;D:\MavenLocalRespostiry\org\ow2\asm\asm\5.0.4\asm-5.0.4.jar;D:\MavenLocalRespostiry\junit\junit\4.12\junit-4.12.jar;D:\MavenLocalRespostiry\org\assertj\assertj-core\3.9.1\assertj-core-3.9.1.jar;D:\MavenLocalRespostiry\org\mockito\mockito-core\2.15.0\mockito-core-2.15.0.jar;D:\MavenLocalRespostiry\net\bytebuddy\byte-buddy\1.7.11\byte-buddy-1.7.11.jar;D:\MavenLocalRespostiry\net\bytebuddy\byte-buddy-agent\1.7.11\byte-buddy-agent-1.7.11.jar;D:\MavenLocalRespostiry\org\objenesis\objenesis\2.6\objenesis-2.6.jar;D:\MavenLocalRespostiry\org\hamcrest\hamcrest-core\1.3\hamcrest-core-1.3.jar;D:\MavenLocalRespostiry\org\hamcrest\hamcrest-library\1.3\hamcrest-library-1.3.jar;D:\MavenLocalRespostiry\org\skyscreamer\jsonassert\1.5.0\jsonassert-1.5.0.jar;D:\MavenLocalRespostiry\com\vaadin\external\google\android-json\0.0.20131108.vaadin1\android-json-0.0.20131108.vaadin1.jar;D:\MavenLocalRespostiry\org\springframework\spring-core\5.0.8.RELEASE\spring-core-5.0.8.RELEASE.jar;D:\MavenLocalRespostiry\org\springframework\spring-jcl\5.0.8.RELEASE\spring-jcl-5.0.8.RELEASE.jar;D:\MavenLocalRespostiry\org\springframework\spring-test\5.0.8.RELEASE\spring-test-5.0.8.RELEASE.jar;D:\MavenLocalRespostiry\org\xmlunit\xmlunit-core\2.5.1\xmlunit-core-2.5.1.jar;D:\MavenLocalRespostiry\org\springframework\boot\spring-boot-starter-tomcat\2.0.4.RELEASE\spring-boot-starter-tomcat-2.0.4.RELEASE.jar;D:\MavenLocalRespostiry\javax\annotation\javax.annotation-api\1.3.2\javax.annotation-api-1.3.2.jar;D:\MavenLocalRespostiry\org\apache\tomcat\embed\tomcat-embed-core\8.5.32\tomcat-embed-core-8.5.32.jar;D:\MavenLocalRespostiry\org\apache\tomcat\embed\tomcat-embed-el\8.5.32\tomcat-embed-el-8.5.32.jar;D:\MavenLocalRespostiry\org\apache\tomcat\embed\tomcat-embed-websocket\8.5.32\tomcat-embed-websocket-8.5.32.jar;D:\MavenLocalRespostiry\org\apache\tomcat\embed\tomcat-embed-jasper\8.5.32\tomcat-embed-jasper-8.5.32.jar;D:\MavenLocalRespostiry\org\eclipse\jdt\ecj\3.12.3\ecj-3.12.3.jar;D:\MavenLocalRespostiry\org\springframework\boot\spring-boot-devtools\2.0.4.RELEASE\spring-boot-devtools-2.0.4.RELEASE.jar;D:\MavenLocalRespostiry\org\springframework\boot\spring-boot\2.0.4.RELEASE\spring-boot-2.0.4.RELEASE.jar;D:\MavenLocalRespostiry\org\springframework\boot\spring-boot-autoconfigure\2.0.4.RELEASE\spring-boot-autoconfigure-2.0.4.RELEASE.jar;D:\MavenLocalRespostiry\log4j\log4j\1.2.8\log4j-1.2.8.jar;D:\MavenLocalRespostiry\commons-pool\commons-pool\1.6\commons-pool-1.6.jar;D:\MavenLocalRespostiry\commons-dbcp\commons-dbcp\1.3\commons-dbcp-1.3.jar;D:\MavenLocalRespostiry\net\sf\json-lib\json-lib\2.4\json-lib-2.4-jdk15.jar;D:\MavenLocalRespostiry\commons-beanutils\commons-beanutils\1.8.0\commons-beanutils-1.8.0.jar;D:\MavenLocalRespostiry\commons-collections\commons-collections\3.2.1\commons-collections-3.2.1.jar;D:\MavenLocalRespostiry\commons-lang\commons-lang\2.5\commons-lang-2.5.jar;D:\MavenLocalRespostiry\commons-logging\commons-logging\1.1.1\commons-logging-1.1.1.jar;D:\MavenLocalRespostiry\net\sf\ezmorph\ezmorph\1.0.6\ezmorph-1.0.6.jar;D:\MavenLocalRespostiry\com\oracle\ojdbc\6\ojdbc-6.jar;"/>
    <property name="java.vm.vendor" value="Oracle Corporation"/>
    <property name="sun.arch.data.model" value="64"/>
    <property name="user.variant" value=""/>
    <property name="java.vendor.url" value="http://java.oracle.com/"/>
    <property name="user.timezone" value=""/>
    <property name="java.vm.specification.version" value="1.8"/>
    <property name="os.name" value="Windows 7"/>
    <property name="user.country" value="TW"/>
    <property name="sun.java.launcher" value="SUN_STANDARD"/>
    <property name="sun.boot.library.path" value="C:\Program Files\Java\jdk1.8.0_121\jre\bin"/>
    <property name="sun.java.command" value="C:\Users\H26057~1.CAA\AppData\Local\Temp\surefire6616208517410028939\surefirebooter1394260853854972273.jar C:\Users\H2605718.CAAZZ\AppData\Local\Temp\surefire6616208517410028939 2018-08-02T09-53-02_805-jvmRun1 surefire5440492983889508494tmp surefire_01841075123338372983tmp"/>
    <property name="surefire.test.class.path" value="D:\aHFdoc\project\practiceProject\find-beauty\target\test-classes;D:\aHFdoc\project\practiceProject\find-beauty\target\classes;D:\MavenLocalRespostiry\org\springframework\boot\spring-boot-starter-jdbc\2.0.4.RELEASE\spring-boot-starter-jdbc-2.0.4.RELEASE.jar;D:\MavenLocalRespostiry\org\springframework\boot\spring-boot-starter\2.0.4.RELEASE\spring-boot-starter-2.0.4.RELEASE.jar;D:\MavenLocalRespostiry\org\springframework\boot\spring-boot-starter-logging\2.0.4.RELEASE\spring-boot-starter-logging-2.0.4.RELEASE.jar;D:\MavenLocalRespostiry\ch\qos\logback\logback-classic\1.2.3\logback-classic-1.2.3.jar;D:\MavenLocalRespostiry\ch\qos\logback\logback-core\1.2.3\logback-core-1.2.3.jar;D:\MavenLocalRespostiry\org\apache\logging\log4j\log4j-to-slf4j\2.10.0\log4j-to-slf4j-2.10.0.jar;D:\MavenLocalRespostiry\org\apache\logging\log4j\log4j-api\2.10.0\log4j-api-2.10.0.jar;D:\MavenLocalRespostiry\org\slf4j\jul-to-slf4j\1.7.25\jul-to-slf4j-1.7.25.jar;D:\MavenLocalRespostiry\org\yaml\snakeyaml\1.19\snakeyaml-1.19.jar;D:\MavenLocalRespostiry\com\zaxxer\HikariCP\2.7.9\HikariCP-2.7.9.jar;D:\MavenLocalRespostiry\org\slf4j\slf4j-api\1.7.25\slf4j-api-1.7.25.jar;D:\MavenLocalRespostiry\org\springframework\spring-jdbc\5.0.8.RELEASE\spring-jdbc-5.0.8.RELEASE.jar;D:\MavenLocalRespostiry\org\springframework\spring-beans\5.0.8.RELEASE\spring-beans-5.0.8.RELEASE.jar;D:\MavenLocalRespostiry\org\springframework\spring-tx\5.0.8.RELEASE\spring-tx-5.0.8.RELEASE.jar;D:\MavenLocalRespostiry\org\springframework\boot\spring-boot-starter-web\2.0.4.RELEASE\spring-boot-starter-web-2.0.4.RELEASE.jar;D:\MavenLocalRespostiry\org\springframework\boot\spring-boot-starter-json\2.0.4.RELEASE\spring-boot-starter-json-2.0.4.RELEASE.jar;D:\MavenLocalRespostiry\com\fasterxml\jackson\core\jackson-databind\2.9.6\jackson-databind-2.9.6.jar;D:\MavenLocalRespostiry\com\fasterxml\jackson\core\jackson-annotations\2.9.0\jackson-annotations-2.9.0.jar;D:\MavenLocalRespostiry\com\fasterxml\jackson\core\jackson-core\2.9.6\jackson-core-2.9.6.jar;D:\MavenLocalRespostiry\com\fasterxml\jackson\datatype\jackson-datatype-jdk8\2.9.6\jackson-datatype-jdk8-2.9.6.jar;D:\MavenLocalRespostiry\com\fasterxml\jackson\datatype\jackson-datatype-jsr310\2.9.6\jackson-datatype-jsr310-2.9.6.jar;D:\MavenLocalRespostiry\com\fasterxml\jackson\module\jackson-module-parameter-names\2.9.6\jackson-module-parameter-names-2.9.6.jar;D:\MavenLocalRespostiry\org\hibernate\validator\hibernate-validator\6.0.11.Final\hibernate-validator-6.0.11.Final.jar;D:\MavenLocalRespostiry\javax\validation\validation-api\2.0.1.Final\validation-api-2.0.1.Final.jar;D:\MavenLocalRespostiry\org\jboss\logging\jboss-logging\3.3.2.Final\jboss-logging-3.3.2.Final.jar;D:\MavenLocalRespostiry\com\fasterxml\classmate\1.3.4\classmate-1.3.4.jar;D:\MavenLocalRespostiry\org\springframework\spring-web\5.0.8.RELEASE\spring-web-5.0.8.RELEASE.jar;D:\MavenLocalRespostiry\org\springframework\spring-webmvc\5.0.8.RELEASE\spring-webmvc-5.0.8.RELEASE.jar;D:\MavenLocalRespostiry\org\springframework\spring-aop\5.0.8.RELEASE\spring-aop-5.0.8.RELEASE.jar;D:\MavenLocalRespostiry\org\springframework\spring-context\5.0.8.RELEASE\spring-context-5.0.8.RELEASE.jar;D:\MavenLocalRespostiry\org\springframework\spring-expression\5.0.8.RELEASE\spring-expression-5.0.8.RELEASE.jar;D:\MavenLocalRespostiry\org\springframework\boot\spring-boot-starter-test\2.0.4.RELEASE\spring-boot-starter-test-2.0.4.RELEASE.jar;D:\MavenLocalRespostiry\org\springframework\boot\spring-boot-test\2.0.4.RELEASE\spring-boot-test-2.0.4.RELEASE.jar;D:\MavenLocalRespostiry\org\springframework\boot\spring-boot-test-autoconfigure\2.0.4.RELEASE\spring-boot-test-autoconfigure-2.0.4.RELEASE.jar;D:\MavenLocalRespostiry\com\jayway\jsonpath\json-path\2.4.0\json-path-2.4.0.jar;D:\MavenLocalRespostiry\net\minidev\json-smart\2.3\json-smart-2.3.jar;D:\MavenLocalRespostiry\net\minidev\accessors-smart\1.2\accessors-smart-1.2.jar;D:\MavenLocalRespostiry\org\ow2\asm\asm\5.0.4\asm-5.0.4.jar;D:\MavenLocalRespostiry\junit\junit\4.12\junit-4.12.jar;D:\MavenLocalRespostiry\org\assertj\assertj-core\3.9.1\assertj-core-3.9.1.jar;D:\MavenLocalRespostiry\org\mockito\mockito-core\2.15.0\mockito-core-2.15.0.jar;D:\MavenLocalRespostiry\net\bytebuddy\byte-buddy\1.7.11\byte-buddy-1.7.11.jar;D:\MavenLocalRespostiry\net\bytebuddy\byte-buddy-agent\1.7.11\byte-buddy-agent-1.7.11.jar;D:\MavenLocalRespostiry\org\objenesis\objenesis\2.6\objenesis-2.6.jar;D:\MavenLocalRespostiry\org\hamcrest\hamcrest-core\1.3\hamcrest-core-1.3.jar;D:\MavenLocalRespostiry\org\hamcrest\hamcrest-library\1.3\hamcrest-library-1.3.jar;D:\MavenLocalRespostiry\org\skyscreamer\jsonassert\1.5.0\jsonassert-1.5.0.jar;D:\MavenLocalRespostiry\com\vaadin\external\google\android-json\0.0.20131108.vaadin1\android-json-0.0.20131108.vaadin1.jar;D:\MavenLocalRespostiry\org\springframework\spring-core\5.0.8.RELEASE\spring-core-5.0.8.RELEASE.jar;D:\MavenLocalRespostiry\org\springframework\spring-jcl\5.0.8.RELEASE\spring-jcl-5.0.8.RELEASE.jar;D:\MavenLocalRespostiry\org\springframework\spring-test\5.0.8.RELEASE\spring-test-5.0.8.RELEASE.jar;D:\MavenLocalRespostiry\org\xmlunit\xmlunit-core\2.5.1\xmlunit-core-2.5.1.jar;D:\MavenLocalRespostiry\org\springframework\boot\spring-boot-starter-tomcat\2.0.4.RELEASE\spring-boot-starter-tomcat-2.0.4.RELEASE.jar;D:\MavenLocalRespostiry\javax\annotation\javax.annotation-api\1.3.2\javax.annotation-api-1.3.2.jar;D:\MavenLocalRespostiry\org\apache\tomcat\embed\tomcat-embed-core\8.5.32\tomcat-embed-core-8.5.32.jar;D:\MavenLocalRespostiry\org\apache\tomcat\embed\tomcat-embed-el\8.5.32\tomcat-embed-el-8.5.32.jar;D:\MavenLocalRespostiry\org\apache\tomcat\embed\tomcat-embed-websocket\8.5.32\tomcat-embed-websocket-8.5.32.jar;D:\MavenLocalRespostiry\org\apache\tomcat\embed\tomcat-embed-jasper\8.5.32\tomcat-embed-jasper-8.5.32.jar;D:\MavenLocalRespostiry\org\eclipse\jdt\ecj\3.12.3\ecj-3.12.3.jar;D:\MavenLocalRespostiry\org\springframework\boot\spring-boot-devtools\2.0.4.RELEASE\spring-boot-devtools-2.0.4.RELEASE.jar;D:\MavenLocalRespostiry\org\springframework\boot\spring-boot\2.0.4.RELEASE\spring-boot-2.0.4.RELEASE.jar;D:\MavenLocalRespostiry\org\springframework\boot\spring-boot-autoconfigure\2.0.4.RELEASE\spring-boot-autoconfigure-2.0.4.RELEASE.jar;D:\MavenLocalRespostiry\log4j\log4j\1.2.8\log4j-1.2.8.jar;D:\MavenLocalRespostiry\commons-pool\commons-pool\1.6\commons-pool-1.6.jar;D:\MavenLocalRespostiry\commons-dbcp\commons-dbcp\1.3\commons-dbcp-1.3.jar;D:\MavenLocalRespostiry\net\sf\json-lib\json-lib\2.4\json-lib-2.4-jdk15.jar;D:\MavenLocalRespostiry\commons-beanutils\commons-beanutils\1.8.0\commons-beanutils-1.8.0.jar;D:\MavenLocalRespostiry\commons-collections\commons-collections\3.2.1\commons-collections-3.2.1.jar;D:\MavenLocalRespostiry\commons-lang\commons-lang\2.5\commons-lang-2.5.jar;D:\MavenLocalRespostiry\commons-logging\commons-logging\1.1.1\commons-logging-1.1.1.jar;D:\MavenLocalRespostiry\net\sf\ezmorph\ezmorph\1.0.6\ezmorph-1.0.6.jar;D:\MavenLocalRespostiry\com\oracle\ojdbc\6\ojdbc-6.jar;"/>
    <property name="sun.cpu.endian" value="little"/>
    <property name="user.home" value="C:\Users\H2605718.CAAZZ"/>
    <property name="user.language" value="zh"/>
    <property name="java.specification.vendor" value="Oracle Corporation"/>
    <property name="java.home" value="C:\Program Files\Java\jdk1.8.0_121\jre"/>
    <property name="basedir" value="D:\aHFdoc\project\practiceProject\find-beauty"/>
    <property name="file.separator" value="\"/>
    <property name="line.separator" value="&#10;"/>
    <property name="java.vm.specification.vendor" value="Oracle Corporation"/>
    <property name="java.specification.name" value="Java Platform API Specification"/>
    <property name="java.awt.graphicsenv" value="sun.awt.Win32GraphicsEnvironment"/>
    <property name="surefire.real.class.path" value="C:\Users\H26057~1.CAA\AppData\Local\Temp\surefire6616208517410028939\surefirebooter1394260853854972273.jar"/>
    <property name="sun.boot.class.path" value="C:\Program Files\Java\jdk1.8.0_121\jre\lib\resources.jar;C:\Program Files\Java\jdk1.8.0_121\jre\lib\rt.jar;C:\Program Files\Java\jdk1.8.0_121\jre\lib\sunrsasign.jar;C:\Program Files\Java\jdk1.8.0_121\jre\lib\jsse.jar;C:\Program Files\Java\jdk1.8.0_121\jre\lib\jce.jar;C:\Program Files\Java\jdk1.8.0_121\jre\lib\charsets.jar;C:\Program Files\Java\jdk1.8.0_121\jre\lib\jfr.jar;C:\Program Files\Java\jdk1.8.0_121\jre\classes"/>
    <property name="user.script" value=""/>
    <property name="sun.management.compiler" value="HotSpot 64-Bit Tiered Compilers"/>
    <property name="java.runtime.version" value="1.8.0_121-b13"/>
    <property name="user.name" value="H2605718"/>
    <property name="path.separator" value=";"/>
    <property name="os.version" value="6.1"/>
    <property name="java.endorsed.dirs" value="C:\Program Files\Java\jdk1.8.0_121\jre\lib\endorsed"/>
    <property name="java.runtime.name" value="Java(TM) SE Runtime Environment"/>
    <property name="file.encoding" value="MS950"/>
    <property name="java.vm.name" value="Java HotSpot(TM) 64-Bit Server VM"/>
    <property name="localRepository" value="D:\MavenLocalRespostiry"/>
    <property name="java.vendor.url.bug" value="http://bugreport.sun.com/bugreport/"/>
    <property name="java.io.tmpdir" value="C:\Users\H26057~1.CAA\AppData\Local\Temp\"/>
    <property name="java.version" value="1.8.0_121"/>
    <property name="user.dir" value="D:\aHFdoc\project\practiceProject\find-beauty"/>
    <property name="os.arch" value="amd64"/>
    <property name="java.vm.specification.name" value="Java Virtual Machine Specification"/>
    <property name="java.awt.printerjob" value="sun.awt.windows.WPrinterJob"/>
    <property name="sun.os.patch.level" value="Service Pack 1"/>
    <property name="java.library.path" value="C:\Program Files\Java\jdk1.8.0_121\jre\bin;C:\Windows\Sun\Java\bin;C:\Windows\system32;C:\Windows;C:\ProgramData\Oracle\Java\javapath;D:\aHFdoc\jdk\jdk8\bin;D:\aHFdoc\jdk\jdk8\jre\bin;I:\app\Administrator\product\11.2.0\client_1\bin;C:\Windows\system32;C:\Windows;C:\Windows\System32\Wbem;C:\Windows\System32\WindowsPowerShell\v1.0\;C:\Program Files\nodejs\;I:\AppData\Local\Programs\Git\cmd;%SCALA_HOME%\bin;D:\aHFdoc\tools\maven\apache-maven-3.5.3\bin;D:\aHFdoc\tools\MongoDB\bin;I:\Python27\;I:\Python27\Scripts;;."/>
    <property name="java.vm.info" value="mixed mode"/>
    <property name="java.vendor" value="Oracle Corporation"/>
    <property name="java.vm.version" value="25.121-b13"/>
    <property name="java.ext.dirs" value="C:\Program Files\Java\jdk1.8.0_121\jre\lib\ext;C:\Windows\Sun\Java\lib\ext"/>
    <property name="sun.io.unicode.encoding" value="UnicodeLittle"/>
    <property name="java.class.version" value="52.0"/>
  </properties>
  <testcase name="contextLoads" classname="com.example.findbeauty.FindBeautyApplicationTests" time="0.063"/>
</testsuite>